2025-11-06 20:20:10,407 masks_logger INFO: Вызов функции "get_mask_card_number".
2025-11-06 20:20:10,408 masks_logger INFO: Успешно замаскирован номер карты: "1596 83** **** 5199"
2025-11-06 20:20:10,408 masks_logger INFO: Вызов функции "get_mask_card_number".
2025-11-06 20:20:10,408 masks_logger INFO: Успешно замаскирован номер карты: "1596 83** **** 5199"
2025-11-06 20:20:10,408 masks_logger INFO: Вызов функции "get_mask_card_number".
2025-11-06 20:20:10,408 masks_logger INFO: Успешно замаскирован номер карты с префиксом: "Maestro"
2025-11-06 20:20:10,408 masks_logger INFO: Вызов функции "get_mask_card_number".
2025-11-06 20:20:10,408 masks_logger INFO: Успешно замаскирован номер карты с префиксом: "Visa Classic"
2025-11-06 20:20:10,408 masks_logger INFO: Вызов функции "get_mask_card_number".
2025-11-06 20:20:10,408 masks_logger INFO: Успешно замаскирован номер карты: "1596 83** **** 5199"
2025-11-06 20:20:10,409 masks_logger INFO: Вызов функции "get_mask_card_number".
2025-11-06 20:20:10,409 masks_logger ERROR: Ошибка ValueError, некорректная длина номера карты.
2025-11-06 20:20:10,409 masks_logger INFO: Вызов функции "get_mask_card_number".
2025-11-06 20:20:10,409 masks_logger ERROR: Ошибка ValueError, некорректная длина номера карты.
2025-11-06 20:20:10,409 masks_logger INFO: Вызов функции "get_mask_card_number".
2025-11-06 20:20:10,409 masks_logger ERROR: Ошибка ValueError, некорректная длина номера карты.
2025-11-06 20:20:10,409 masks_logger INFO: Вызов функции "get_mask_card_number".
2025-11-06 20:20:10,410 masks_logger ERROR: Ошибка ValueError, некорректная длина номера карты.
2025-11-06 20:20:10,410 masks_logger INFO: Вызов функции "get_mask_card_number".
2025-11-06 20:20:10,410 masks_logger ERROR: Ошибка ValueError, некорректная длина номера карты.
2025-11-06 20:20:10,411 masks_logger INFO: Вызов функции "get_mask_account_number".
2025-11-06 20:20:10,412 masks_logger INFO: Успешно замаскирован номер счёта: "**9589"
2025-11-06 20:20:10,413 masks_logger INFO: Вызов функции "get_mask_account_number".
2025-11-06 20:20:10,413 masks_logger INFO: Успешно замаскирован номер счёта с префиксом: "Счет"
2025-11-06 20:20:10,415 masks_logger INFO: Вызов функции "get_mask_account_number".
2025-11-06 20:20:10,415 masks_logger INFO: Успешно замаскирован номер счёта с префиксом: "Счет:"
2025-11-06 20:20:10,417 masks_logger INFO: Вызов функции "get_mask_account_number".
2025-11-06 20:20:10,417 masks_logger INFO: Успешно замаскирован номер счёта с префиксом: "Счет:"
2025-11-06 20:20:10,419 masks_logger INFO: Вызов функции "get_mask_account_number".
2025-11-06 20:20:10,419 masks_logger INFO: Успешно замаскирован номер счёта: "**9589"
2025-11-06 20:20:10,421 masks_logger INFO: Вызов функции "get_mask_account_number".
2025-11-06 20:20:10,421 masks_logger ERROR: Ошибка ValueError, некорректная длина номера счёта.
2025-11-06 20:20:10,422 masks_logger INFO: Вызов функции "get_mask_account_number".
2025-11-06 20:20:10,423 masks_logger ERROR: Ошибка ValueError, некорректная длина номера счёта.
2025-11-06 20:20:10,424 masks_logger INFO: Вызов функции "get_mask_account_number".
2025-11-06 20:20:10,424 masks_logger ERROR: Ошибка ValueError, некорректная длина номера счёта.
2025-11-06 20:20:10,426 masks_logger INFO: Вызов функции "get_mask_account_number".
2025-11-06 20:20:10,426 masks_logger ERROR: Ошибка ValueError, некорректная длина номера счёта.
2025-11-06 20:20:10,471 masks_logger INFO: Вызов функции "get_mask_card_number".
2025-11-06 20:20:10,471 masks_logger INFO: Успешно замаскирован номер карты: "1596 83** **** 5199"
2025-11-06 20:20:10,471 masks_logger INFO: Вызов функции "get_mask_card_number".
2025-11-06 20:20:10,472 masks_logger INFO: Успешно замаскирован номер карты: "1596 83** **** 5199"
2025-11-06 20:20:10,472 masks_logger INFO: Вызов функции "get_mask_card_number".
2025-11-06 20:20:10,472 masks_logger INFO: Успешно замаскирован номер карты с префиксом: "Visa Classic"
2025-11-06 20:20:10,472 masks_logger INFO: Вызов функции "get_mask_account_number".
2025-11-06 20:20:10,472 masks_logger INFO: Успешно замаскирован номер счёта: "**9589"
2025-11-06 20:20:10,472 masks_logger INFO: Вызов функции "get_mask_account_number".
2025-11-06 20:20:10,472 masks_logger INFO: Успешно замаскирован номер счёта с префиксом: "Счет"
2025-11-06 20:20:10,472 masks_logger INFO: Вызов функции "get_mask_account_number".
2025-11-06 20:20:10,472 masks_logger INFO: Успешно замаскирован номер счёта с префиксом: "Счет:"
